<?xml version="1.0" encoding="utf-8"?><testsuites name="pytest tests"><testsuite name="pytest" errors="0" failures="0" skipped="0" tests="3" time="0.025" timestamp="2025-12-14T12:30:36.587701+02:00" hostname="Jonas-Centria"><testcase classname="tests.unit.test_restaurant_search_injection" name="test_search_for_cuisine_and_rating_returns_results" time="0.001" /><testcase classname="tests.unit.test_restaurant_search_injection" name="test_search_returns_empty_list_when_no_matches" time="0.000" /><testcase classname="tests.unit.test_restaurant_search_monkeypatch" name="test_search_forwards_args_to_search_by_filters" time="0.001" /></testsuite></testsuites>