<?xml version="1.0" encoding="utf-8"?><testsuites name="pytest tests"><testsuite name="pytest" errors="0" failures="0" skipped="0" tests="2" time="0.022" timestamp="2025-12-14T12:26:52.592529+02:00" hostname="Jonas-Centria"><testcase classname="tests.unit.test_restaurant_browsing_adaptive" name="test_search_for_cuisine_and_rating_returns_results" time="0.003" /><testcase classname="tests.unit.test_restaurant_browsing_adaptive" name="test_search_returns_empty_list_when_no_matches" time="0.001" /></testsuite></testsuites>