<?xml version="1.0" encoding="utf-8"?><testsuites name="pytest tests"><testsuite name="pytest" errors="0" failures="0" skipped="0" tests="8" time="0.038" timestamp="2025-12-14T13:01:06.760291+02:00" hostname="Jonas-Centria"><testcase classname="tests.unit.test_restaurant_browsing_direct" name="test_search_by_cuisine_returns_only_matching_cuisine" time="0.002" /><testcase classname="tests.unit.test_restaurant_browsing_direct" name="test_search_by_location_returns_only_matching_location" time="0.000" /><testcase classname="tests.unit.test_restaurant_browsing_direct" name="test_search_by_rating_filters_minimum_rating" time="0.001" /><testcase classname="tests.unit.test_restaurant_browsing_direct" name="test_search_by_filters_combines_all_filters" time="0.001" /><testcase classname="tests.unit.test_restaurant_browsing_direct" name="test_search_by_filters_handles_missing_filters_gracefully" time="0.001" /><testcase classname="tests.unit.test_restaurant_search_injection" name="test_search_for_cuisine_and_rating_returns_results" time="0.001" /><testcase classname="tests.unit.test_restaurant_search_injection" name="test_search_returns_empty_list_when_no_matches" time="0.002" /><testcase classname="tests.unit.test_restaurant_search_monkeypatch" name="test_search_forwards_args_to_search_by_filters" time="0.001" /></testsuite></testsuites>